[2023-03-21 18:20:40,093] INFO Reading configuration from: zookeeper.properties (org.apache.zookeeper.server.quorum.QuorumPeerConfig)
[2023-03-21 18:20:40,094] WARN zookeeper.properties is relative. Prepend .\ to indicate that you're sure! (org.apache.zookeeper.server.quorum.QuorumPeerConfig)
[2023-03-21 18:20:40,097] WARN \tmp\zookeeper is relative. Prepend .\ to indicate that you're sure! (org.apache.zookeeper.server.quorum.QuorumPeerConfig)
[2023-03-21 18:20:40,100] INFO clientPortAddress is 0.0.0.0:2181 (org.apache.zookeeper.server.quorum.QuorumPeerConfig)
[2023-03-21 18:20:40,100] INFO secureClientPort is not set (org.apache.zookeeper.server.quorum.QuorumPeerConfig)
[2023-03-21 18:20:40,100] INFO observerMasterPort is not set (org.apache.zookeeper.server.quorum.QuorumPeerConfig)
[2023-03-21 18:20:40,100] INFO metricsProvider.className is org.apache.zookeeper.metrics.impl.DefaultMetricsProvider (org.apache.zookeeper.server.quorum.QuorumPeerConfig)
[2023-03-21 18:20:40,102] INFO autopurge.snapRetainCount set to 3 (org.apache.zookeeper.server.DatadirCleanupManager)
[2023-03-21 18:20:40,102] INFO autopurge.purgeInterval set to 0 (org.apache.zookeeper.server.DatadirCleanupManager)
[2023-03-21 18:20:40,102] INFO Purge task is not scheduled. (org.apache.zookeeper.server.DatadirCleanupManager)
[2023-03-21 18:20:40,102] WARN Either no config or no quorum defined in config, running in standalone mode (org.apache.zookeeper.server.quorum.QuorumPeerMain)
[2023-03-21 18:20:40,103] INFO Log4j 1.2 jmx support not found; jmx disabled. (org.apache.zookeeper.jmx.ManagedUtil)
[2023-03-21 18:20:40,104] INFO Reading configuration from: zookeeper.properties (org.apache.zookeeper.server.quorum.QuorumPeerConfig)
[2023-03-21 18:20:40,104] WARN zookeeper.properties is relative. Prepend .\ to indicate that you're sure! (org.apache.zookeeper.server.quorum.QuorumPeerConfig)
[2023-03-21 18:20:40,104] WARN \tmp\zookeeper is relative. Prepend .\ to indicate that you're sure! (org.apache.zookeeper.server.quorum.QuorumPeerConfig)
[2023-03-21 18:20:40,105] INFO clientPortAddress is 0.0.0.0:2181 (org.apache.zookeeper.server.quorum.QuorumPeerConfig)
[2023-03-21 18:20:40,105] INFO secureClientPort is not set (org.apache.zookeeper.server.quorum.QuorumPeerConfig)
[2023-03-21 18:20:40,105] INFO observerMasterPort is not set (org.apache.zookeeper.server.quorum.QuorumPeerConfig)
[2023-03-21 18:20:40,105] INFO metricsProvider.className is org.apache.zookeeper.metrics.impl.DefaultMetricsProvider (org.apache.zookeeper.server.quorum.QuorumPeerConfig)
[2023-03-21 18:20:40,105] INFO Starting server (org.apache.zookeeper.server.ZooKeeperServerMain)
[2023-03-21 18:20:40,115] INFO ServerMetrics initialized with provider org.apache.zookeeper.metrics.impl.DefaultMetricsProvider@3f2a3a5 (org.apache.zookeeper.server.ServerMetrics)
[2023-03-21 18:20:40,118] INFO zookeeper.snapshot.trust.empty : false (org.apache.zookeeper.server.persistence.FileTxnSnapLog)
[2023-03-21 18:20:40,130] INFO  (org.apache.zookeeper.server.ZooKeeperServer)
[2023-03-21 18:20:40,130] INFO   ______                  _                                           (org.apache.zookeeper.server.ZooKeeperServer)
[2023-03-21 18:20:40,130] INFO  |___  /                 | |                                          (org.apache.zookeeper.server.ZooKeeperServer)
[2023-03-21 18:20:40,130] INFO     / /    ___     ___   | | __   ___    ___   _ __     ___   _ __    (org.apache.zookeeper.server.ZooKeeperServer)
[2023-03-21 18:20:40,130] INFO    / /    / _ \   / _ \  | |/ /  / _ \  / _ \ | '_ \   / _ \ | '__| (org.apache.zookeeper.server.ZooKeeperServer)
[2023-03-21 18:20:40,131] INFO   / /__  | (_) | | (_) | |   <  |  __/ |  __/ | |_) | |  __/ | |     (org.apache.zookeeper.server.ZooKeeperServer)
[2023-03-21 18:20:40,131] INFO  /_____|  \___/   \___/  |_|\_\  \___|  \___| | .__/   \___| |_| (org.apache.zookeeper.server.ZooKeeperServer)
[2023-03-21 18:20:40,131] INFO                                               | |                      (org.apache.zookeeper.server.ZooKeeperServer)
[2023-03-21 18:20:40,131] INFO                                               |_|                      (org.apache.zookeeper.server.ZooKeeperServer)
[2023-03-21 18:20:40,132] INFO  (org.apache.zookeeper.server.ZooKeeperServer)
[2023-03-21 18:20:46,836] INFO Server environment:zookeeper.version=3.6.3--6401e4ad2087061bc6b9f80dec2d69f2e3c8660a, built on 04/08/2021 16:35 GMT (org.apache.zookeeper.server.ZooKeeperServer)
[2023-03-21 18:20:46,837] INFO Server environment:host.name=DESKTOP-1O30A0N (org.apache.zookeeper.server.ZooKeeperServer)
[2023-03-21 18:20:46,838] INFO Server environment:java.version=1.8.0_322 (org.apache.zookeeper.server.ZooKeeperServer)
[2023-03-21 18:20:46,838] INFO Server environment:java.vendor=Amazon.com Inc. (org.apache.zookeeper.server.ZooKeeperServer)
[2023-03-21 18:20:46,839] INFO Server environment:java.home=C:\Users\zhuhaowen\.jdks\corretto-1.8.0_322\jre (org.apache.zookeeper.server.ZooKeeperServer)
[2023-03-21 18:20:46,839] INFO Server environment:java.class.path=C:\Users\zhuhaowen\.jdks\corretto-1.8.0_322\lib\dt.jar;C:\Users\zhuhaowen\.jdks\corretto-1.8.0_322\lib\tools.jar;D:\gitRepo\myGithubRepo\kafka\kafka\libs\activation-1.1.1.jar;D:\gitRepo\myGithubRepo\kafka\kafka\libs\aopalliance-repackaged-2.6.1.jar;D:\gitRepo\myGithubRepo\kafka\kafka\libs\argparse4j-0.7.0.jar;D:\gitRepo\myGithubRepo\kafka\kafka\libs\audience-annotations-0.5.0.jar;D:\gitRepo\myGithubRepo\kafka\kafka\libs\commons-cli-1.4.jar;D:\gitRepo\myGithubRepo\kafka\kafka\libs\commons-lang3-3.8.1.jar;D:\gitRepo\myGithubRepo\kafka\kafka\libs\connect-api-3.2.1.jar;D:\gitRepo\myGithubRepo\kafka\kafka\libs\connect-basic-auth-extension-3.2.1.jar;D:\gitRepo\myGithubRepo\kafka\kafka\libs\connect-file-3.2.1.jar;D:\gitRepo\myGithubRepo\kafka\kafka\libs\connect-json-3.2.1.jar;D:\gitRepo\myGithubRepo\kafka\kafka\libs\connect-mirror-3.2.1.jar;D:\gitRepo\myGithubRepo\kafka\kafka\libs\connect-mirror-client-3.2.1.jar;D:\gitRepo\myGithubRepo\kafka\kafka\libs\connect-runtime-3.2.1.jar;D:\gitRepo\myGithubRepo\kafka\kafka\libs\connect-transforms-3.2.1.jar;D:\gitRepo\myGithubRepo\kafka\kafka\libs\hk2-api-2.6.1.jar;D:\gitRepo\myGithubRepo\kafka\kafka\libs\hk2-locator-2.6.1.jar;D:\gitRepo\myGithubRepo\kafka\kafka\libs\hk2-utils-2.6.1.jar;D:\gitRepo\myGithubRepo\kafka\kafka\libs\jackson-annotations-2.12.6.jar;D:\gitRepo\myGithubRepo\kafka\kafka\libs\jackson-core-2.12.6.jar;D:\gitRepo\myGithubRepo\kafka\kafka\libs\jackson-databind-2.12.6.1.jar;D:\gitRepo\myGithubRepo\kafka\kafka\libs\jackson-dataformat-csv-2.12.6.jar;D:\gitRepo\myGithubRepo\kafka\kafka\libs\jackson-datatype-jdk8-2.12.6.jar;D:\gitRepo\myGithubRepo\kafka\kafka\libs\jackson-jaxrs-base-2.12.6.jar;D:\gitRepo\myGithubRepo\kafka\kafka\libs\jackson-jaxrs-json-provider-2.12.6.jar;D:\gitRepo\myGithubRepo\kafka\kafka\libs\jackson-module-jaxb-annotations-2.12.6.jar;D:\gitRepo\myGithubRepo\kafka\kafka\libs\jackson-module-scala_2.13-2.12.6.jar;D:\gitRepo\myGithubRepo\kafka\kafka\libs\jakarta.activation-api-1.2.1.jar;D:\gitRepo\myGithubRepo\kafka\kafka\libs\jakarta.annotation-api-1.3.5.jar;D:\gitRepo\myGithubRepo\kafka\kafka\libs\jakarta.inject-2.6.1.jar;D:\gitRepo\myGithubRepo\kafka\kafka\libs\jakarta.validation-api-2.0.2.jar;D:\gitRepo\myGithubRepo\kafka\kafka\libs\jakarta.ws.rs-api-2.1.6.jar;D:\gitRepo\myGithubRepo\kafka\kafka\libs\jakarta.xml.bind-api-2.3.2.jar;D:\gitRepo\myGithubRepo\kafka\kafka\libs\javassist-3.27.0-GA.jar;D:\gitRepo\myGithubRepo\kafka\kafka\libs\javax.servlet-api-3.1.0.jar;D:\gitRepo\myGithubRepo\kafka\kafka\libs\javax.ws.rs-api-2.1.1.jar;D:\gitRepo\myGithubRepo\kafka\kafka\libs\jaxb-api-2.3.0.jar;D:\gitRepo\myGithubRepo\kafka\kafka\libs\jersey-client-2.34.jar;D:\gitRepo\myGithubRepo\kafka\kafka\libs\jersey-common-2.34.jar;D:\gitRepo\myGithubRepo\kafka\kafka\libs\jersey-container-servlet-2.34.jar;D:\gitRepo\myGithubRepo\kafka\kafka\libs\jersey-container-servlet-core-2.34.jar;D:\gitRepo\myGithubRepo\kafka\kafka\libs\jersey-hk2-2.34.jar;D:\gitRepo\myGithubRepo\kafka\kafka\libs\jersey-server-2.34.jar;D:\gitRepo\myGithubRepo\kafka\kafka\libs\jetty-client-9.4.44.v20210927.jar;D:\gitRepo\myGithubRepo\kafka\kafka\libs\jetty-continuation-9.4.44.v20210927.jar;D:\gitRepo\myGithubRepo\kafka\kafka\libs\jetty-http-9.4.44.v20210927.jar;D:\gitRepo\myGithubRepo\kafka\kafka\libs\jetty-io-9.4.44.v20210927.jar;D:\gitRepo\myGithubRepo\kafka\kafka\libs\jetty-security-9.4.44.v20210927.jar;D:\gitRepo\myGithubRepo\kafka\kafka\libs\jetty-server-9.4.44.v20210927.jar;D:\gitRepo\myGithubRepo\kafka\kafka\libs\jetty-servlet-9.4.44.v20210927.jar;D:\gitRepo\myGithubRepo\kafka\kafka\libs\jetty-servlets-9.4.44.v20210927.jar;D:\gitRepo\myGithubRepo\kafka\kafka\libs\jetty-util-9.4.44.v20210927.jar;D:\gitRepo\myGithubRepo\kafka\kafka\libs\jetty-util-ajax-9.4.44.v20210927.jar;D:\gitRepo\myGithubRepo\kafka\kafka\libs\jline-3.21.0.jar;D:\gitRepo\myGithubRepo\kafka\kafka\libs\jopt-simple-5.0.4.jar;D:\gitRepo\myGithubRepo\kafka\kafka\libs\jose4j-0.7.9.jar;D:\gitRepo\myGithubRepo\kafka\kafka\libs\kafka-clients-3.2.1.jar;D:\gitRepo\myGithubRepo\kafka\kafka\libs\kafka-log4j-appender-3.2.1.jar;D:\gitRepo\myGithubRepo\kafka\kafka\libs\kafka-metadata-3.2.1.jar;D:\gitRepo\myGithubRepo\kafka\kafka\libs\kafka-raft-3.2.1.jar;D:\gitRepo\myGithubRepo\kafka\kafka\libs\kafka-server-common-3.2.1.jar;D:\gitRepo\myGithubRepo\kafka\kafka\libs\kafka-shell-3.2.1.jar;D:\gitRepo\myGithubRepo\kafka\kafka\libs\kafka-storage-3.2.1.jar;D:\gitRepo\myGithubRepo\kafka\kafka\libs\kafka-storage-api-3.2.1.jar;D:\gitRepo\myGithubRepo\kafka\kafka\libs\kafka-streams-3.2.1.jar;D:\gitRepo\myGithubRepo\kafka\kafka\libs\kafka-streams-examples-3.2.1.jar;D:\gitRepo\myGithubRepo\kafka\kafka\libs\kafka-streams-scala_2.13-3.2.1.jar;D:\gitRepo\myGithubRepo\kafka\kafka\libs\kafka-streams-test-utils-3.2.1.jar;D:\gitRepo\myGithubRepo\kafka\kafka\libs\kafka-tools-3.2.1.jar;D:\gitRepo\myGithubRepo\kafka\kafka\libs\kafka_2.13-3.2.1.jar;D:\gitRepo\myGithubRepo\kafka\kafka\libs\lz4-java-1.8.0.jar;D:\gitRepo\myGithubRepo\kafka\kafka\libs\maven-artifact-3.8.4.jar;D:\gitRepo\myGithubRepo\kafka\kafka\libs\metrics-core-2.2.0.jar;D:\gitRepo\myGithubRepo\kafka\kafka\libs\metrics-core-4.1.12.1.jar;D:\gitRepo\myGithubRepo\kafka\kafka\libs\netty-buffer-4.1.73.Final.jar;D:\gitRepo\myGithubRepo\kafka\kafka\libs\netty-codec-4.1.73.Final.jar;D:\gitRepo\myGithubRepo\kafka\kafka\libs\netty-common-4.1.73.Final.jar;D:\gitRepo\myGithubRepo\kafka\kafka\libs\netty-handler-4.1.73.Final.jar;D:\gitRepo\myGithubRepo\kafka\kafka\libs\netty-resolver-4.1.73.Final.jar;D:\gitRepo\myGithubRepo\kafka\kafka\libs\netty-tcnative-classes-2.0.46.Final.jar;D:\gitRepo\myGithubRepo\kafka\kafka\libs\netty-transport-4.1.73.Final.jar;D:\gitRepo\myGithubRepo\kafka\kafka\libs\netty-transport-classes-epoll-4.1.73.Final.jar;D:\gitRepo\myGithubRepo\kafka\kafka\libs\netty-transport-native-epoll-4.1.73.Final.jar;D:\gitRepo\myGithubRepo\kafka\kafka\libs\netty-transport-native-unix-common-4.1.73.Final.jar;D:\gitRepo\myGithubRepo\kafka\kafka\libs\osgi-resource-locator-1.0.3.jar;D:\gitRepo\myGithubRepo\kafka\kafka\libs\paranamer-2.8.jar;D:\gitRepo\myGithubRepo\kafka\kafka\libs\plexus-utils-3.3.0.jar;D:\gitRepo\myGithubRepo\kafka\kafka\libs\reflections-0.9.12.jar;D:\gitRepo\myGithubRepo\kafka\kafka\libs\reload4j-1.2.19.jar;D:\gitRepo\myGithubRepo\kafka\kafka\libs\rocksdbjni-6.29.4.1.jar;D:\gitRepo\myGithubRepo\kafka\kafka\libs\scala-collection-compat_2.13-2.6.0.jar;D:\gitRepo\myGithubRepo\kafka\kafka\libs\scala-java8-compat_2.13-1.0.2.jar;D:\gitRepo\myGithubRepo\kafka\kafka\libs\scala-library-2.13.8.jar;D:\gitRepo\myGithubRepo\kafka\kafka\libs\scala-logging_2.13-3.9.4.jar;D:\gitRepo\myGithubRepo\kafka\kafka\libs\scala-reflect-2.13.8.jar;D:\gitRepo\myGithubRepo\kafka\kafka\libs\slf4j-api-1.7.36.jar;D:\gitRepo\myGithubRepo\kafka\kafka\libs\slf4j-reload4j-1.7.36.jar;D:\gitRepo\myGithubRepo\kafka\kafka\libs\snappy-java-1.1.8.4.jar;D:\gitRepo\myGithubRepo\kafka\kafka\libs\trogdor-3.2.1.jar;D:\gitRepo\myGithubRepo\kafka\kafka\libs\zookeeper-3.6.3.jar;D:\gitRepo\myGithubRepo\kafka\kafka\libs\zookeeper-jute-3.6.3.jar;D:\gitRepo\myGithubRepo\kafka\kafka\libs\zstd-jni-1.5.2-1.jar (org.apache.zookeeper.server.ZooKeeperServer)
[2023-03-21 18:20:46,840] INFO Server environment:java.library.path=C:\Users\zhuhaowen\.jdks\corretto-1.8.0_322\bin;C:\WINDOWS\Sun\Java\bin;C:\WINDOWS\system32;C:\WINDOWS;D:\VMWave\bin\;C:\WINDOWS\system32;C:\WINDOWS;C:\WINDOWS\System32\Wbem;C:\WINDOWS\System32\WindowsPowerShell\v1.0\;C:\WINDOWS\System32\OpenSSH\;C:\Program Files\dotnet\;C:\Program Files\MySQL\MySQL Server 8.0\bin;D:\Git\cmd;D:\code\maven\maven3_8_4\apache-maven-3.8.4\bin;C:\Program Files\Microsoft SQL Server\Client SDK\ODBC\170\Tools\Binn\;C:\Program Files\Microsoft SQL Server\150\Tools\Binn\;C:\Users\zhuhaowen\.jdks\corretto-1.8.0_322\bin;D:\nodejs\;D:\erlang\Erlang OTP\bin;D:\instantclient_18_3;d:\Program Files\OpenVPN\bin;C:\Program Files\Docker\Docker\resources\bin;D:\code\c\mingw64\bin;C:\Users\zhuhaowen\AppData\Local\Microsoft\WindowsApps;D:\IntelliJ IDEA 2021.2.2\bin;C:\Users\zhuhaowen\.dotnet\tools;C:\Users\zhuhaowen\AppData\Roaming\npm;D:\Microsoft VS Code\bin;D:\code\c\mingw64\bin;;. (org.apache.zookeeper.server.ZooKeeperServer)
[2023-03-21 18:20:46,840] INFO Server environment:java.io.tmpdir=C:\Users\ZHUHAO~1\AppData\Local\Temp\ (org.apache.zookeeper.server.ZooKeeperServer)
[2023-03-21 18:20:46,840] INFO Server environment:java.compiler=<NA> (org.apache.zookeeper.server.ZooKeeperServer)
[2023-03-21 18:20:46,840] INFO Server environment:os.name=Windows 10 (org.apache.zookeeper.server.ZooKeeperServer)
[2023-03-21 18:20:46,841] INFO Server environment:os.arch=amd64 (org.apache.zookeeper.server.ZooKeeperServer)
[2023-03-21 18:20:46,841] INFO Server environment:os.version=10.0 (org.apache.zookeeper.server.ZooKeeperServer)
[2023-03-21 18:20:46,841] INFO Server environment:user.name=zhuhaowen (org.apache.zookeeper.server.ZooKeeperServer)
[2023-03-21 18:20:46,841] INFO Server environment:user.home=C:\Users\zhuhaowen (org.apache.zookeeper.server.ZooKeeperServer)
[2023-03-21 18:20:46,841] INFO Server environment:user.dir=D:\gitRepo\myGithubRepo\kafka\kafka\bin\windows (org.apache.zookeeper.server.ZooKeeperServer)
[2023-03-21 18:20:46,842] INFO Server environment:os.memory.free=491MB (org.apache.zookeeper.server.ZooKeeperServer)
[2023-03-21 18:20:46,842] INFO Server environment:os.memory.max=512MB (org.apache.zookeeper.server.ZooKeeperServer)
[2023-03-21 18:20:46,842] INFO Server environment:os.memory.total=512MB (org.apache.zookeeper.server.ZooKeeperServer)
[2023-03-21 18:20:46,842] INFO zookeeper.enableEagerACLCheck = false (org.apache.zookeeper.server.ZooKeeperServer)
[2023-03-21 18:20:46,842] INFO zookeeper.digest.enabled = true (org.apache.zookeeper.server.ZooKeeperServer)
[2023-03-21 18:20:46,843] INFO zookeeper.closeSessionTxn.enabled = true (org.apache.zookeeper.server.ZooKeeperServer)
[2023-03-21 18:20:46,843] INFO zookeeper.flushDelay=0 (org.apache.zookeeper.server.ZooKeeperServer)
[2023-03-21 18:20:46,843] INFO zookeeper.maxWriteQueuePollTime=0 (org.apache.zookeeper.server.ZooKeeperServer)
[2023-03-21 18:20:46,843] INFO zookeeper.maxBatchSize=1000 (org.apache.zookeeper.server.ZooKeeperServer)
[2023-03-21 18:20:46,844] INFO zookeeper.intBufferStartingSizeBytes = 1024 (org.apache.zookeeper.server.ZooKeeperServer)
[2023-03-21 18:20:46,845] INFO Weighed connection throttling is disabled (org.apache.zookeeper.server.BlueThrottle)
[2023-03-21 18:20:46,846] INFO minSessionTimeout set to 6000 (org.apache.zookeeper.server.ZooKeeperServer)
[2023-03-21 18:20:46,846] INFO maxSessionTimeout set to 60000 (org.apache.zookeeper.server.ZooKeeperServer)
[2023-03-21 18:20:46,847] INFO Response cache size is initialized with value 400. (org.apache.zookeeper.server.ResponseCache)
[2023-03-21 18:20:46,847] INFO Response cache size is initialized with value 400. (org.apache.zookeeper.server.ResponseCache)
[2023-03-21 18:20:46,848] INFO zookeeper.pathStats.slotCapacity = 60 (org.apache.zookeeper.server.util.RequestPathMetricsCollector)
[2023-03-21 18:20:46,848] INFO zookeeper.pathStats.slotDuration = 15 (org.apache.zookeeper.server.util.RequestPathMetricsCollector)
[2023-03-21 18:20:46,848] INFO zookeeper.pathStats.maxDepth = 6 (org.apache.zookeeper.server.util.RequestPathMetricsCollector)
[2023-03-21 18:20:46,848] INFO zookeeper.pathStats.initialDelay = 5 (org.apache.zookeeper.server.util.RequestPathMetricsCollector)
[2023-03-21 18:20:46,849] INFO zookeeper.pathStats.delay = 5 (org.apache.zookeeper.server.util.RequestPathMetricsCollector)
[2023-03-21 18:20:46,849] INFO zookeeper.pathStats.enabled = false (org.apache.zookeeper.server.util.RequestPathMetricsCollector)
[2023-03-21 18:20:46,851] INFO The max bytes for all large requests are set to 104857600 (org.apache.zookeeper.server.ZooKeeperServer)
[2023-03-21 18:20:46,852] INFO The large request threshold is set to -1 (org.apache.zookeeper.server.ZooKeeperServer)
[2023-03-21 18:20:46,853] INFO Created server with tickTime 3000 minSessionTimeout 6000 maxSessionTimeout 60000 clientPortListenBacklog -1 datadir \tmp\zookeeper\version-2 snapdir \tmp\zookeeper\version-2 (org.apache.zookeeper.server.ZooKeeperServer)
[2023-03-21 18:20:46,862] INFO Using org.apache.zookeeper.server.NIOServerCnxnFactory as server connection factory (org.apache.zookeeper.server.ServerCnxnFactory)
[2023-03-21 18:20:46,863] WARN maxCnxns is not configured, using default value 0. (org.apache.zookeeper.server.ServerCnxnFactory)
[2023-03-21 18:20:46,864] INFO Configuring NIO connection handler with 10s sessionless connection timeout, 2 selector thread(s), 24 worker threads, and 64 kB direct buffers. (org.apache.zookeeper.server.NIOServerCnxnFactory)
[2023-03-21 18:20:46,866] INFO binding to port 0.0.0.0/0.0.0.0:2181 (org.apache.zookeeper.server.NIOServerCnxnFactory)
[2023-03-21 18:20:46,884] INFO Using org.apache.zookeeper.server.watch.WatchManager as watch manager (org.apache.zookeeper.server.watch.WatchManagerFactory)
[2023-03-21 18:20:46,884] INFO Using org.apache.zookeeper.server.watch.WatchManager as watch manager (org.apache.zookeeper.server.watch.WatchManagerFactory)
[2023-03-21 18:20:46,885] INFO zookeeper.snapshotSizeFactor = 0.33 (org.apache.zookeeper.server.ZKDatabase)
[2023-03-21 18:20:46,885] INFO zookeeper.commitLogCount=500 (org.apache.zookeeper.server.ZKDatabase)
[2023-03-21 18:20:46,888] INFO zookeeper.snapshot.compression.method = CHECKED (org.apache.zookeeper.server.persistence.SnapStream)
[2023-03-21 18:20:46,890] INFO Reading snapshot \tmp\zookeeper\version-2\snapshot.0 (org.apache.zookeeper.server.persistence.FileSnap)
[2023-03-21 18:20:46,893] INFO The digest value is empty in snapshot (org.apache.zookeeper.server.DataTree)
[2023-03-21 18:20:46,908] INFO 25 txns loaded in 12 ms (org.apache.zookeeper.server.persistence.FileTxnSnapLog)
[2023-03-21 18:20:46,908] INFO Snapshot loaded in 23 ms, highest zxid is 0x19, digest is 45106098098 (org.apache.zookeeper.server.ZKDatabase)
[2023-03-21 18:20:46,909] INFO Snapshotting: 0x19 to \tmp\zookeeper\version-2\snapshot.19 (org.apache.zookeeper.server.persistence.FileTxnSnapLog)
[2023-03-21 18:20:46,911] INFO Snapshot taken in 2 ms (org.apache.zookeeper.server.ZooKeeperServer)
[2023-03-21 18:20:46,919] INFO PrepRequestProcessor (sid:0) started, reconfigEnabled=false (org.apache.zookeeper.server.PrepRequestProcessor)
[2023-03-21 18:20:46,919] INFO zookeeper.request_throttler.shutdownTimeout = 10000 (org.apache.zookeeper.server.RequestThrottler)
[2023-03-21 18:20:46,931] INFO Using checkIntervalMs=60000 maxPerMinute=10000 maxNeverUsedIntervalMs=0 (org.apache.zookeeper.server.ContainerManager)
[2023-03-21 18:20:46,932] INFO ZooKeeper audit is disabled. (org.apache.zookeeper.audit.ZKAuditProvider)
[2023-03-21 18:21:49,104] INFO Registered kafka:type=kafka.Log4jController MBean (kafka.utils.Log4jControllerRegistration$)
[2023-03-21 18:21:49,359] INFO Setting -D jdk.tls.rejectClientInitiatedRenegotiation=true to disable client-initiated TLS renegotiation (org.apache.zookeeper.common.X509Util)
[2023-03-21 18:21:49,436] INFO starting (kafka.server.KafkaServer)
[2023-03-21 18:21:49,436] INFO Connecting to zookeeper on localhost:2181 (kafka.server.KafkaServer)
[2023-03-21 18:21:49,446] INFO [ZooKeeperClient Kafka server] Initializing a new session to localhost:2181. (kafka.zookeeper.ZooKeeperClient)
[2023-03-21 18:21:53,978] INFO Client environment:zookeeper.version=3.6.3--6401e4ad2087061bc6b9f80dec2d69f2e3c8660a, built on 04/08/2021 16:35 GMT (org.apache.zookeeper.ZooKeeper)
[2023-03-21 18:21:53,979] INFO Client environment:host.name=DESKTOP-1O30A0N (org.apache.zookeeper.ZooKeeper)
[2023-03-21 18:21:53,980] INFO Client environment:java.version=1.8.0_322 (org.apache.zookeeper.ZooKeeper)
[2023-03-21 18:21:53,980] INFO Client environment:java.vendor=Amazon.com Inc. (org.apache.zookeeper.ZooKeeper)
[2023-03-21 18:21:53,981] INFO Client environment:java.home=C:\Users\zhuhaowen\.jdks\corretto-1.8.0_322\jre (org.apache.zookeeper.ZooKeeper)
[2023-03-21 18:21:53,981] INFO Client environment:java.class.path=C:\Users\zhuhaowen\.jdks\corretto-1.8.0_322\lib\dt.jar;C:\Users\zhuhaowen\.jdks\corretto-1.8.0_322\lib\tools.jar;D:\gitRepo\myGithubRepo\kafka\kafka\libs\activation-1.1.1.jar;D:\gitRepo\myGithubRepo\kafka\kafka\libs\aopalliance-repackaged-2.6.1.jar;D:\gitRepo\myGithubRepo\kafka\kafka\libs\argparse4j-0.7.0.jar;D:\gitRepo\myGithubRepo\kafka\kafka\libs\audience-annotations-0.5.0.jar;D:\gitRepo\myGithubRepo\kafka\kafka\libs\commons-cli-1.4.jar;D:\gitRepo\myGithubRepo\kafka\kafka\libs\commons-lang3-3.8.1.jar;D:\gitRepo\myGithubRepo\kafka\kafka\libs\connect-api-3.2.1.jar;D:\gitRepo\myGithubRepo\kafka\kafka\libs\connect-basic-auth-extension-3.2.1.jar;D:\gitRepo\myGithubRepo\kafka\kafka\libs\connect-file-3.2.1.jar;D:\gitRepo\myGithubRepo\kafka\kafka\libs\connect-json-3.2.1.jar;D:\gitRepo\myGithubRepo\kafka\kafka\libs\connect-mirror-3.2.1.jar;D:\gitRepo\myGithubRepo\kafka\kafka\libs\connect-mirror-client-3.2.1.jar;D:\gitRepo\myGithubRepo\kafka\kafka\libs\connect-runtime-3.2.1.jar;D:\gitRepo\myGithubRepo\kafka\kafka\libs\connect-transforms-3.2.1.jar;D:\gitRepo\myGithubRepo\kafka\kafka\libs\hk2-api-2.6.1.jar;D:\gitRepo\myGithubRepo\kafka\kafka\libs\hk2-locator-2.6.1.jar;D:\gitRepo\myGithubRepo\kafka\kafka\libs\hk2-utils-2.6.1.jar;D:\gitRepo\myGithubRepo\kafka\kafka\libs\jackson-annotations-2.12.6.jar;D:\gitRepo\myGithubRepo\kafka\kafka\libs\jackson-core-2.12.6.jar;D:\gitRepo\myGithubRepo\kafka\kafka\libs\jackson-databind-2.12.6.1.jar;D:\gitRepo\myGithubRepo\kafka\kafka\libs\jackson-dataformat-csv-2.12.6.jar;D:\gitRepo\myGithubRepo\kafka\kafka\libs\jackson-datatype-jdk8-2.12.6.jar;D:\gitRepo\myGithubRepo\kafka\kafka\libs\jackson-jaxrs-base-2.12.6.jar;D:\gitRepo\myGithubRepo\kafka\kafka\libs\jackson-jaxrs-json-provider-2.12.6.jar;D:\gitRepo\myGithubRepo\kafka\kafka\libs\jackson-module-jaxb-annotations-2.12.6.jar;D:\gitRepo\myGithubRepo\kafka\kafka\libs\jackson-module-scala_2.13-2.12.6.jar;D:\gitRepo\myGithubRepo\kafka\kafka\libs\jakarta.activation-api-1.2.1.jar;D:\gitRepo\myGithubRepo\kafka\kafka\libs\jakarta.annotation-api-1.3.5.jar;D:\gitRepo\myGithubRepo\kafka\kafka\libs\jakarta.inject-2.6.1.jar;D:\gitRepo\myGithubRepo\kafka\kafka\libs\jakarta.validation-api-2.0.2.jar;D:\gitRepo\myGithubRepo\kafka\kafka\libs\jakarta.ws.rs-api-2.1.6.jar;D:\gitRepo\myGithubRepo\kafka\kafka\libs\jakarta.xml.bind-api-2.3.2.jar;D:\gitRepo\myGithubRepo\kafka\kafka\libs\javassist-3.27.0-GA.jar;D:\gitRepo\myGithubRepo\kafka\kafka\libs\javax.servlet-api-3.1.0.jar;D:\gitRepo\myGithubRepo\kafka\kafka\libs\javax.ws.rs-api-2.1.1.jar;D:\gitRepo\myGithubRepo\kafka\kafka\libs\jaxb-api-2.3.0.jar;D:\gitRepo\myGithubRepo\kafka\kafka\libs\jersey-client-2.34.jar;D:\gitRepo\myGithubRepo\kafka\kafka\libs\jersey-common-2.34.jar;D:\gitRepo\myGithubRepo\kafka\kafka\libs\jersey-container-servlet-2.34.jar;D:\gitRepo\myGithubRepo\kafka\kafka\libs\jersey-container-servlet-core-2.34.jar;D:\gitRepo\myGithubRepo\kafka\kafka\libs\jersey-hk2-2.34.jar;D:\gitRepo\myGithubRepo\kafka\kafka\libs\jersey-server-2.34.jar;D:\gitRepo\myGithubRepo\kafka\kafka\libs\jetty-client-9.4.44.v20210927.jar;D:\gitRepo\myGithubRepo\kafka\kafka\libs\jetty-continuation-9.4.44.v20210927.jar;D:\gitRepo\myGithubRepo\kafka\kafka\libs\jetty-http-9.4.44.v20210927.jar;D:\gitRepo\myGithubRepo\kafka\kafka\libs\jetty-io-9.4.44.v20210927.jar;D:\gitRepo\myGithubRepo\kafka\kafka\libs\jetty-security-9.4.44.v20210927.jar;D:\gitRepo\myGithubRepo\kafka\kafka\libs\jetty-server-9.4.44.v20210927.jar;D:\gitRepo\myGithubRepo\kafka\kafka\libs\jetty-servlet-9.4.44.v20210927.jar;D:\gitRepo\myGithubRepo\kafka\kafka\libs\jetty-servlets-9.4.44.v20210927.jar;D:\gitRepo\myGithubRepo\kafka\kafka\libs\jetty-util-9.4.44.v20210927.jar;D:\gitRepo\myGithubRepo\kafka\kafka\libs\jetty-util-ajax-9.4.44.v20210927.jar;D:\gitRepo\myGithubRepo\kafka\kafka\libs\jline-3.21.0.jar;D:\gitRepo\myGithubRepo\kafka\kafka\libs\jopt-simple-5.0.4.jar;D:\gitRepo\myGithubRepo\kafka\kafka\libs\jose4j-0.7.9.jar;D:\gitRepo\myGithubRepo\kafka\kafka\libs\kafka-clients-3.2.1.jar;D:\gitRepo\myGithubRepo\kafka\kafka\libs\kafka-log4j-appender-3.2.1.jar;D:\gitRepo\myGithubRepo\kafka\kafka\libs\kafka-metadata-3.2.1.jar;D:\gitRepo\myGithubRepo\kafka\kafka\libs\kafka-raft-3.2.1.jar;D:\gitRepo\myGithubRepo\kafka\kafka\libs\kafka-server-common-3.2.1.jar;D:\gitRepo\myGithubRepo\kafka\kafka\libs\kafka-shell-3.2.1.jar;D:\gitRepo\myGithubRepo\kafka\kafka\libs\kafka-storage-3.2.1.jar;D:\gitRepo\myGithubRepo\kafka\kafka\libs\kafka-storage-api-3.2.1.jar;D:\gitRepo\myGithubRepo\kafka\kafka\libs\kafka-streams-3.2.1.jar;D:\gitRepo\myGithubRepo\kafka\kafka\libs\kafka-streams-examples-3.2.1.jar;D:\gitRepo\myGithubRepo\kafka\kafka\libs\kafka-streams-scala_2.13-3.2.1.jar;D:\gitRepo\myGithubRepo\kafka\kafka\libs\kafka-streams-test-utils-3.2.1.jar;D:\gitRepo\myGithubRepo\kafka\kafka\libs\kafka-tools-3.2.1.jar;D:\gitRepo\myGithubRepo\kafka\kafka\libs\kafka_2.13-3.2.1.jar;D:\gitRepo\myGithubRepo\kafka\kafka\libs\lz4-java-1.8.0.jar;D:\gitRepo\myGithubRepo\kafka\kafka\libs\maven-artifact-3.8.4.jar;D:\gitRepo\myGithubRepo\kafka\kafka\libs\metrics-core-2.2.0.jar;D:\gitRepo\myGithubRepo\kafka\kafka\libs\metrics-core-4.1.12.1.jar;D:\gitRepo\myGithubRepo\kafka\kafka\libs\netty-buffer-4.1.73.Final.jar;D:\gitRepo\myGithubRepo\kafka\kafka\libs\netty-codec-4.1.73.Final.jar;D:\gitRepo\myGithubRepo\kafka\kafka\libs\netty-common-4.1.73.Final.jar;D:\gitRepo\myGithubRepo\kafka\kafka\libs\netty-handler-4.1.73.Final.jar;D:\gitRepo\myGithubRepo\kafka\kafka\libs\netty-resolver-4.1.73.Final.jar;D:\gitRepo\myGithubRepo\kafka\kafka\libs\netty-tcnative-classes-2.0.46.Final.jar;D:\gitRepo\myGithubRepo\kafka\kafka\libs\netty-transport-4.1.73.Final.jar;D:\gitRepo\myGithubRepo\kafka\kafka\libs\netty-transport-classes-epoll-4.1.73.Final.jar;D:\gitRepo\myGithubRepo\kafka\kafka\libs\netty-transport-native-epoll-4.1.73.Final.jar;D:\gitRepo\myGithubRepo\kafka\kafka\libs\netty-transport-native-unix-common-4.1.73.Final.jar;D:\gitRepo\myGithubRepo\kafka\kafka\libs\osgi-resource-locator-1.0.3.jar;D:\gitRepo\myGithubRepo\kafka\kafka\libs\paranamer-2.8.jar;D:\gitRepo\myGithubRepo\kafka\kafka\libs\plexus-utils-3.3.0.jar;D:\gitRepo\myGithubRepo\kafka\kafka\libs\reflections-0.9.12.jar;D:\gitRepo\myGithubRepo\kafka\kafka\libs\reload4j-1.2.19.jar;D:\gitRepo\myGithubRepo\kafka\kafka\libs\rocksdbjni-6.29.4.1.jar;D:\gitRepo\myGithubRepo\kafka\kafka\libs\scala-collection-compat_2.13-2.6.0.jar;D:\gitRepo\myGithubRepo\kafka\kafka\libs\scala-java8-compat_2.13-1.0.2.jar;D:\gitRepo\myGithubRepo\kafka\kafka\libs\scala-library-2.13.8.jar;D:\gitRepo\myGithubRepo\kafka\kafka\libs\scala-logging_2.13-3.9.4.jar;D:\gitRepo\myGithubRepo\kafka\kafka\libs\scala-reflect-2.13.8.jar;D:\gitRepo\myGithubRepo\kafka\kafka\libs\slf4j-api-1.7.36.jar;D:\gitRepo\myGithubRepo\kafka\kafka\libs\slf4j-reload4j-1.7.36.jar;D:\gitRepo\myGithubRepo\kafka\kafka\libs\snappy-java-1.1.8.4.jar;D:\gitRepo\myGithubRepo\kafka\kafka\libs\trogdor-3.2.1.jar;D:\gitRepo\myGithubRepo\kafka\kafka\libs\zookeeper-3.6.3.jar;D:\gitRepo\myGithubRepo\kafka\kafka\libs\zookeeper-jute-3.6.3.jar;D:\gitRepo\myGithubRepo\kafka\kafka\libs\zstd-jni-1.5.2-1.jar (org.apache.zookeeper.ZooKeeper)
[2023-03-21 18:21:53,983] INFO Client environment:java.library.path=C:\Users\zhuhaowen\.jdks\corretto-1.8.0_322\bin;C:\WINDOWS\Sun\Java\bin;C:\WINDOWS\system32;C:\WINDOWS;D:\VMWave\bin\;C:\WINDOWS\system32;C:\WINDOWS;C:\WINDOWS\System32\Wbem;C:\WINDOWS\System32\WindowsPowerShell\v1.0\;C:\WINDOWS\System32\OpenSSH\;C:\Program Files\dotnet\;C:\Program Files\MySQL\MySQL Server 8.0\bin;D:\Git\cmd;D:\code\maven\maven3_8_4\apache-maven-3.8.4\bin;C:\Program Files\Microsoft SQL Server\Client SDK\ODBC\170\Tools\Binn\;C:\Program Files\Microsoft SQL Server\150\Tools\Binn\;C:\Users\zhuhaowen\.jdks\corretto-1.8.0_322\bin;D:\nodejs\;D:\erlang\Erlang OTP\bin;D:\instantclient_18_3;d:\Program Files\OpenVPN\bin;C:\Program Files\Docker\Docker\resources\bin;D:\code\c\mingw64\bin;C:\Users\zhuhaowen\AppData\Local\Microsoft\WindowsApps;D:\IntelliJ IDEA 2021.2.2\bin;C:\Users\zhuhaowen\.dotnet\tools;C:\Users\zhuhaowen\AppData\Roaming\npm;D:\Microsoft VS Code\bin;D:\code\c\mingw64\bin;;. (org.apache.zookeeper.ZooKeeper)
[2023-03-21 18:21:53,983] INFO Client environment:java.io.tmpdir=C:\Users\ZHUHAO~1\AppData\Local\Temp\ (org.apache.zookeeper.ZooKeeper)
[2023-03-21 18:21:53,984] INFO Client environment:java.compiler=<NA> (org.apache.zookeeper.ZooKeeper)
[2023-03-21 18:21:53,984] INFO Client environment:os.name=Windows 10 (org.apache.zookeeper.ZooKeeper)
[2023-03-21 18:21:53,984] INFO Client environment:os.arch=amd64 (org.apache.zookeeper.ZooKeeper)
[2023-03-21 18:21:53,984] INFO Client environment:os.version=10.0 (org.apache.zookeeper.ZooKeeper)
[2023-03-21 18:21:53,985] INFO Client environment:user.name=zhuhaowen (org.apache.zookeeper.ZooKeeper)
[2023-03-21 18:21:53,985] INFO Client environment:user.home=C:\Users\zhuhaowen (org.apache.zookeeper.ZooKeeper)
[2023-03-21 18:21:53,985] INFO Client environment:user.dir=D:\gitRepo\myGithubRepo\kafka\kafka\bin\windows (org.apache.zookeeper.ZooKeeper)
[2023-03-21 18:21:53,986] INFO Client environment:os.memory.free=1007MB (org.apache.zookeeper.ZooKeeper)
[2023-03-21 18:21:53,986] INFO Client environment:os.memory.max=1024MB (org.apache.zookeeper.ZooKeeper)
[2023-03-21 18:21:53,986] INFO Client environment:os.memory.total=1024MB (org.apache.zookeeper.ZooKeeper)
[2023-03-21 18:21:53,989] INFO Initiating client connection, connectString=localhost:2181 sessionTimeout=18000 watcher=kafka.zookeeper.ZooKeeperClient$ZooKeeperClientWatcher$@5fe94a96 (org.apache.zookeeper.ZooKeeper)
[2023-03-21 18:21:53,997] INFO jute.maxbuffer value is 4194304 Bytes (org.apache.zookeeper.ClientCnxnSocket)
[2023-03-21 18:21:54,002] INFO zookeeper.request.timeout value is 0. feature enabled=false (org.apache.zookeeper.ClientCnxn)
[2023-03-21 18:21:54,004] INFO [ZooKeeperClient Kafka server] Waiting until connected. (kafka.zookeeper.ZooKeeperClient)
[2023-03-21 18:21:54,004] INFO Opening socket connection to server localhost/0:0:0:0:0:0:0:1:2181. (org.apache.zookeeper.ClientCnxn)
[2023-03-21 18:21:54,006] INFO Socket connection established, initiating session, client: /0:0:0:0:0:0:0:1:64725, server: localhost/0:0:0:0:0:0:0:1:2181 (org.apache.zookeeper.ClientCnxn)
[2023-03-21 18:21:54,012] INFO Creating new log file: log.1a (org.apache.zookeeper.server.persistence.FileTxnLog)
[2023-03-21 18:21:54,020] INFO Session establishment complete on server localhost/0:0:0:0:0:0:0:1:2181, session id = 0x1001e6b7a4c0000, negotiated timeout = 18000 (org.apache.zookeeper.ClientCnxn)
[2023-03-21 18:21:54,024] INFO [ZooKeeperClient Kafka server] Connected. (kafka.zookeeper.ZooKeeperClient)
[2023-03-21 18:21:54,106] INFO [feature-zk-node-event-process-thread]: Starting (kafka.server.FinalizedFeatureChangeListener$ChangeNotificationProcessorThread)
[2023-03-21 18:21:54,115] INFO Feature ZK node at path: /feature does not exist (kafka.server.FinalizedFeatureChangeListener)
[2023-03-21 18:21:54,115] INFO Cleared cache (kafka.server.FinalizedFeatureCache)
[2023-03-21 18:21:54,228] INFO Cluster ID = Rsq9vJqbRp2TbzZqZdJ33w (kafka.server.KafkaServer)
[2023-03-21 18:21:54,235] ERROR Fatal error during KafkaServer startup. Prepare to shutdown (kafka.server.KafkaServer)
kafka.common.InconsistentClusterIdException: The Cluster ID Rsq9vJqbRp2TbzZqZdJ33w doesn't match stored clusterId Some(QBXSSQ6VQKKlOrZ5XvDnmg) in meta.properties. The broker is trying to join the wrong cluster. Configured zookeeper.connect may be wrong.
	at kafka.server.KafkaServer.startup(KafkaServer.scala:230)
	at kafka.Kafka$.main(Kafka.scala:109)
	at kafka.Kafka.main(Kafka.scala)
[2023-03-21 18:21:54,236] INFO shutting down (kafka.server.KafkaServer)
[2023-03-21 18:21:54,238] INFO [feature-zk-node-event-process-thread]: Shutting down (kafka.server.FinalizedFeatureChangeListener$ChangeNotificationProcessorThread)
[2023-03-21 18:21:54,239] INFO [feature-zk-node-event-process-thread]: Stopped (kafka.server.FinalizedFeatureChangeListener$ChangeNotificationProcessorThread)
[2023-03-21 18:21:54,239] INFO [feature-zk-node-event-process-thread]: Shutdown completed (kafka.server.FinalizedFeatureChangeListener$ChangeNotificationProcessorThread)
[2023-03-21 18:21:54,241] INFO [ZooKeeperClient Kafka server] Closing. (kafka.zookeeper.ZooKeeperClient)
[2023-03-21 18:21:54,348] INFO Session: 0x1001e6b7a4c0000 closed (org.apache.zookeeper.ZooKeeper)
[2023-03-21 18:21:54,348] INFO EventThread shut down for session: 0x1001e6b7a4c0000 (org.apache.zookeeper.ClientCnxn)
[2023-03-21 18:21:54,350] INFO [ZooKeeperClient Kafka server] Closed. (kafka.zookeeper.ZooKeeperClient)
[2023-03-21 18:21:54,352] INFO App info kafka.server for 0 unregistered (org.apache.kafka.common.utils.AppInfoParser)
[2023-03-21 18:21:54,352] INFO shut down completed (kafka.server.KafkaServer)
[2023-03-21 18:21:54,353] ERROR Exiting Kafka. (kafka.Kafka$)
[2023-03-21 18:21:54,353] INFO shutting down (kafka.server.KafkaServer)
